#
# There is insufficient memory for the Java Runtime Environment to continue.
# Native memory allocation (malloc) failed to allocate 149616 bytes. Error detail: Chunk::new
# Possible reasons:
#   The system is out of physical RAM or swap space
#   This process is running with CompressedOops enabled, and the Java Heap may be blocking the growth of the native heap
# Possible solutions:
#   Reduce memory load on the system
#   Increase physical memory or swap space
#   Check if swap backing store is full
#   Decrease Java heap size (-Xmx/-Xms)
#   Decrease number of Java threads
#   Decrease Java thread stack sizes (-Xss)
#   Set larger code cache with -XX:ReservedCodeCacheSize=
#   JVM is running with Unscaled Compressed Oops mode in which the Java heap is
#     placed in the first 4GB address space. The Java Heap base address is the
#     maximum limit for the native heap growth. Please use -XX:HeapBaseMinAddress
#     to set the Java Heap base and to place the Java Heap above 4GB virtual address.
# This output file may be truncated or incomplete.
#
#  Out of Memory Error (arena.cpp:191), pid=3984, tid=1088
#
# JRE version: OpenJDK Runtime Environment Temurin-17.0.11+9 (17.0.11+9) (build 17.0.11+9)
# Java VM: OpenJDK 64-Bit Server VM Temurin-17.0.11+9 (17.0.11+9, mixed mode, tiered, compressed oops, compressed class ptrs, parallel gc, windows-amd64)
# No core dump will be written. Minidumps are not enabled by default on client versions of Windows
#

---------------  S U M M A R Y ------------

Command Line: --add-modules=ALL-SYSTEM --add-opens=java.base/java.util=ALL-UNNAMED --add-opens=java.base/java.lang=ALL-UNNAMED --add-opens=java.base/sun.nio.fs=ALL-UNNAMED -Declipse.application=org.eclipse.jdt.ls.core.id1 -Dosgi.bundles.defaultStartLevel=4 -Declipse.product=org.eclipse.jdt.ls.core.product -Djava.import.generatesMetadataFilesAtProjectRoot=false -DDetectVMInstallationsJob.disabled=true -Dfile.encoding=utf8 -XX:+UseParallelGC -XX:GCTimeRatio=4 -XX:AdaptiveSizePolicyWeight=90 -Dsun.zip.disableMemoryMapping=true -Xmx1G -Xms100m -Xlog:disable -javaagent:c:\Users\nobelleon\.vscode\extensions\redhat.java-1.32.0-win32-x64\lombok\lombok-1.18.33.jar c:\Users\nobelleon\.vscode\extensions\redhat.java-1.32.0-win32-x64\server\plugins\org.eclipse.equinox.launcher_1.6.900.v20240613-2009.jar -configuration c:\Users\nobelleon\AppData\Roaming\Code\User\globalStorage\redhat.java\1.32.0\config_ss_win -data c:\Users\nobelleon\AppData\Roaming\Code\User\workspaceStorage\5524815b9c34a7a92803ace97b611c77\redhat.java\ss_ws --pipe=\\.\pipe\lsp-309d54d13b1b7f2e4d8ceda3527b7b91-sock

Host: Intel(R) Core(TM) i3-1005G1 CPU @ 1.20GHz, 4 cores, 3G,  Windows 11 , 64 bit Build 22621 (10.0.22621.3672)
Time: Sun Jul 21 18:38:35 2024 SE Asia Standard Time elapsed time: 5.170007 seconds (0d 0h 0m 5s)

---------------  T H R E A D  ---------------

Current thread (0x000001eadc617e70):  JavaThread "C2 CompilerThread0" daemon [_thread_in_native, id=1088, stack(0x000000c9fdb00000,0x000000c9fdc00000)]


Current CompileTask:
C2:   5170 1407       4       java.math.BigInteger::implMultiplyToLen (216 bytes)

Stack: [0x000000c9fdb00000,0x000000c9fdc00000]
Native frames: (J=compiled Java code, j=interpreted, Vv=VM code, C=native code)
V  [jvm.dll+0x67d429]
V  [jvm.dll+0x834b7a]
V  [jvm.dll+0x83663e]
V  [jvm.dll+0x836ca3]
V  [jvm.dll+0x247dbf]
V  [jvm.dll+0xac534]
V  [jvm.dll+0xacb7c]
V  [jvm.dll+0x366647]
V  [jvm.dll+0x330bba]
V  [jvm.dll+0x33005a]
V  [jvm.dll+0x21a471]
V  [jvm.dll+0x2198b1]
V  [jvm.dll+0x1a534d]
V  [jvm.dll+0x2295cd]
V  [jvm.dll+0x22779c]
V  [jvm.dll+0x7e9d07]
V  [jvm.dll+0x7e410a]
V  [jvm.dll+0x67c315]
C  [ucrtbase.dll+0x29333]
C  [KERNEL32.DLL+0x1257d]
C  [ntdll.dll+0x5af28]


---------------  P R O C E S S  ---------------

Threads class SMR info:
_java_thread_list=0x000001eae1fd3d30, length=13, elements={
0x000001eac87a0080, 0x000001eadc5e4010, 0x000001eadc5e5c70, 0x000001eadc611530,
0x000001eadc611e00, 0x000001eadc6126d0, 0x000001eadc6151b0, 0x000001eadc617e70,
0x000001eac884dc50, 0x000001eac884e910, 0x000001eac8804010, 0x000001eae1b1a320,
0x000001eae20029d0
}

Java Threads: ( => current thread )
  0x000001eac87a0080 JavaThread "main" [_thread_in_vm, id=14064, stack(0x000000c9fd200000,0x000000c9fd300000)]
  0x000001eadc5e4010 JavaThread "Reference Handler" daemon [_thread_blocked, id=19268, stack(0x000000c9fd500000,0x000000c9fd600000)]
  0x000001eadc5e5c70 JavaThread "Finalizer" daemon [_thread_blocked, id=9104, stack(0x000000c9fd600000,0x000000c9fd700000)]
  0x000001eadc611530 JavaThread "Signal Dispatcher" daemon [_thread_blocked, id=17912, stack(0x000000c9fd700000,0x000000c9fd800000)]
  0x000001eadc611e00 JavaThread "Attach Listener" daemon [_thread_blocked, id=9948, stack(0x000000c9fd800000,0x000000c9fd900000)]
  0x000001eadc6126d0 JavaThread "Service Thread" daemon [_thread_blocked, id=18236, stack(0x000000c9fd900000,0x000000c9fda00000)]
  0x000001eadc6151b0 JavaThread "Monitor Deflation Thread" daemon [_thread_blocked, id=14744, stack(0x000000c9fda00000,0x000000c9fdb00000)]
=>0x000001eadc617e70 JavaThread "C2 CompilerThread0" daemon [_thread_in_native, id=1088, stack(0x000000c9fdb00000,0x000000c9fdc00000)]
  0x000001eac884dc50 JavaThread "C1 CompilerThread0" daemon [_thread_blocked, id=15900, stack(0x000000c9fdc00000,0x000000c9fdd00000)]
  0x000001eac884e910 JavaThread "Sweeper thread" daemon [_thread_blocked, id=13152, stack(0x000000c9fdd00000,0x000000c9fde00000)]
  0x000001eac8804010 JavaThread "Common-Cleaner" daemon [_thread_blocked, id=3884, stack(0x000000c9fde00000,0x000000c9fdf00000)]
  0x000001eae1b1a320 JavaThread "Notification Thread" daemon [_thread_blocked, id=17432, stack(0x000000c9fdf00000,0x000000c9fe000000)]
  0x000001eae20029d0 JavaThread "Active Thread: Equinox Container: 0144398f-6b06-4c43-93bd-2e068fdd906a" [_thread_blocked, id=19064, stack(0x000000c9fe400000,0x000000c9fe500000)]

Other Threads:
  0x000001eac8847af0 VMThread "VM Thread" [stack: 0x000000c9fd400000,0x000000c9fd500000] [id=2536]
  0x000001eae1a1fd10 WatcherThread [stack: 0x000000c9fe000000,0x000000c9fe100000] [id=19324]
  0x000001eac87b5e10 GCTaskThread "GC Thread#0" [stack: 0x000000c9fd300000,0x000000c9fd400000] [id=15944]
  0x000001eae1f53800 GCTaskThread "GC Thread#1" [stack: 0x000000c9fe100000,0x000000c9fe200000] [id=9840]
  0x000001eae206d630 GCTaskThread "GC Thread#2" [stack: 0x000000c9fe200000,0x000000c9fe300000] [id=880]
  0x000001eae206d8f0 GCTaskThread "GC Thread#3" [stack: 0x000000c9fe300000,0x000000c9fe400000] [id=16380]

Threads with active compile tasks:
C2 CompilerThread0     5182 1407       4       java.math.BigInteger::implMultiplyToLen (216 bytes)

VM state: not at safepoint (normal execution)

VM Mutex/Monitor currently owned by a thread:  ([mutex/lock_event])
[0x000001eac879d1f0] MethodCompileQueue_lock - owner thread: 0x000001eac87a0080

Heap address: 0x00000000c0000000, size: 1024 MB, Compressed Oops mode: 32-bit

CDS archive(s) not mapped
Compressed class space mapped at: 0x0000000100000000-0x0000000140000000, reserved size: 1073741824
Narrow klass base: 0x0000000000000000, Narrow klass shift: 3, Narrow klass range: 0x140000000

GC Precious Log:
 CPUs: 4 total, 4 available
 Memory: 3784M
 Large Page Support: Disabled
 NUMA Support: Disabled
 Compressed Oops: Enabled (32-bit)
 Alignments: Space 512K, Generation 512K, Heap 2M
 Heap Min Capacity: 100M
 Heap Initial Capacity: 100M
 Heap Max Capacity: 1G
 Pre-touch: Disabled
 Parallel Workers: 4

Heap:
 PSYoungGen      total 29696K, used 21038K [0x00000000eab00000, 0x00000000ecc00000, 0x0000000100000000)
  eden space 25600K, 69% used [0x00000000eab00000,0x00000000ebc7a7e0,0x00000000ec400000)
  from space 4096K, 76% used [0x00000000ec400000,0x00000000ec711278,0x00000000ec800000)
  to   space 4096K, 0% used [0x00000000ec800000,0x00000000ec800000,0x00000000ecc00000)
 ParOldGen       total 68608K, used 0K [0x00000000c0000000, 0x00000000c4300000, 0x00000000eab00000)
  object space 68608K, 0% used [0x00000000c0000000,0x00000000c0000000,0x00000000c4300000)
 Metaspace       used 13612K, committed 13888K, reserved 1114112K
  class space    used 1346K, committed 1472K, reserved 1048576K

Card table byte_map: [0x000001eac8130000,0x000001eac8340000] _byte_map_base: 0x000001eac7b30000

Marking Bits: (ParMarkBitMap*) 0x00007ffca102d820
 Begin Bits: [0x000001eada430000, 0x000001eadb430000)
 End Bits:   [0x000001eadb430000, 0x000001eadc430000)

Polling page: 0x000001eac6730000

Metaspace:

Usage:
  Non-class:     11.98 MB used.
      Class:      1.31 MB used.
       Both:     13.29 MB used.

Virtual space:
  Non-class space:       64.00 MB reserved,      12.12 MB ( 19%) committed,  1 nodes.
      Class space:        1.00 GB reserved,       1.44 MB ( <1%) committed,  1 nodes.
             Both:        1.06 GB reserved,      13.56 MB (  1%) committed. 

Chunk freelists:
   Non-Class:  3.49 MB
       Class:  14.50 MB
        Both:  17.99 MB

MaxMetaspaceSize: unlimited
CompressedClassSpaceSize: 1.00 GB
Initial GC threshold: 21.00 MB
Current GC threshold: 21.00 MB
CDS: off
MetaspaceReclaimPolicy: balanced
 - commit_granule_bytes: 65536.
 - commit_granule_words: 8192.
 - virtual_space_node_default_size: 8388608.
 - enlarge_chunks_in_place: 1.
 - new_chunks_are_fully_committed: 0.
 - uncommit_free_chunks: 1.
 - use_allocation_guard: 0.
 - handle_deallocations: 1.


Internal statistics:

num_allocs_failed_limit: 0.
num_arena_births: 56.
num_arena_deaths: 0.
num_vsnodes_births: 2.
num_vsnodes_deaths: 0.
num_space_committed: 217.
num_space_uncommitted: 0.
num_chunks_returned_to_freelist: 0.
num_chunks_taken_from_freelist: 216.
num_chunk_merges: 0.
num_chunk_splits: 143.
num_chunks_enlarged: 115.
num_inconsistent_stats: 0.

CodeHeap 'non-profiled nmethods': size=120000Kb used=588Kb max_used=588Kb free=119412Kb
 bounds [0x000001ead2f00000, 0x000001ead3170000, 0x000001eada430000]
CodeHeap 'profiled nmethods': size=120000Kb used=2534Kb max_used=2534Kb free=117465Kb
 bounds [0x000001eacb430000, 0x000001eacb6b0000, 0x000001ead2960000]
CodeHeap 'non-nmethods': size=5760Kb used=1168Kb max_used=1187Kb free=4591Kb
 bounds [0x000001ead2960000, 0x000001ead2bd0000, 0x000001ead2f00000]
 total_blobs=1854 nmethods=1408 adapters=360
 compilation: enabled
              stopped_count=0, restarted_count=0
 full_count=0

Compilation events (20 events):
Event: 5.150 Thread 0x000001eac884dc50 nmethod 1399 0x000001eacb6a5290 code [0x000001eacb6a5440, 0x000001eacb6a5678]
Event: 5.150 Thread 0x000001eac884dc50 1400       3       sun.security.util.ObjectIdentifier::hashCode (8 bytes)
Event: 5.150 Thread 0x000001eac884dc50 nmethod 1400 0x000001eacb6a5790 code [0x000001eacb6a5920, 0x000001eacb6a5a68]
Event: 5.150 Thread 0x000001eac884dc50 1401       1       java.lang.reflect.Constructor::getSharedParameterTypes (5 bytes)
Event: 5.150 Thread 0x000001eac884dc50 nmethod 1401 0x000001ead2f92d10 code [0x000001ead2f92ea0, 0x000001ead2f92f78]
Event: 5.150 Thread 0x000001eac884dc50 1403       3       sun.security.util.DerValue::subs (75 bytes)
Event: 5.151 Thread 0x000001eac884dc50 nmethod 1403 0x000001eacb6a5b10 code [0x000001eacb6a5d60, 0x000001eacb6a6718]
Event: 5.151 Thread 0x000001eac884dc50 1402       3       sun.security.util.DerValue::toByteArray (91 bytes)
Event: 5.151 Thread 0x000001eac884dc50 nmethod 1402 0x000001eacb6a6b10 code [0x000001eacb6a6d20, 0x000001eacb6a74e8]
Event: 5.151 Thread 0x000001eac884dc50 1404       3       java.util.Collections::emptyMap (4 bytes)
Event: 5.152 Thread 0x000001eac884dc50 nmethod 1404 0x000001eacb6a7810 code [0x000001eacb6a79a0, 0x000001eacb6a7a98]
Event: 5.152 Thread 0x000001eac884dc50 1405       3       java.math.BigInteger::implSquareToLen (154 bytes)
Event: 5.152 Thread 0x000001eadc617e70 1407       4       java.math.BigInteger::implMultiplyToLen (216 bytes)
Event: 5.152 Thread 0x000001eac884dc50 nmethod 1405 0x000001eacb6a7b10 code [0x000001eacb6a7d00, 0x000001eacb6a81a8]
Event: 5.152 Thread 0x000001eac884dc50 1406       3       java.math.BigInteger::shiftLeftImplWorker (43 bytes)
Event: 5.153 Thread 0x000001eac884dc50 nmethod 1406 0x000001eacb6a8510 code [0x000001eacb6a86c0, 0x000001eacb6a88f8]
Event: 5.153 Thread 0x000001eac884dc50 1408       3       java.math.BigInteger::bitLength (140 bytes)
Event: 5.153 Thread 0x000001eac884dc50 nmethod 1408 0x000001eacb6a8a90 code [0x000001eacb6a8c80, 0x000001eacb6a91d8]
Event: 5.157 Thread 0x000001eac884dc50 1411       3       java.math.MutableBigInteger::divWord (108 bytes)
Event: 5.158 Thread 0x000001eac884dc50 nmethod 1411 0x000001eacb6a9410 code [0x000001eacb6a95c0, 0x000001eacb6a9938]

GC Heap History (2 events):
Event: 3.400 GC heap before
{Heap before GC invocations=1 (full 0):
 PSYoungGen      total 29696K, used 25600K [0x00000000eab00000, 0x00000000ecc00000, 0x0000000100000000)
  eden space 25600K, 100% used [0x00000000eab00000,0x00000000ec400000,0x00000000ec400000)
  from space 4096K, 0% used [0x00000000ec800000,0x00000000ec800000,0x00000000ecc00000)
  to   space 4096K, 0% used [0x00000000ec400000,0x00000000ec400000,0x00000000ec800000)
 ParOldGen       total 68608K, used 0K [0x00000000c0000000, 0x00000000c4300000, 0x00000000eab00000)
  object space 68608K, 0% used [0x00000000c0000000,0x00000000c0000000,0x00000000c4300000)
 Metaspace       used 10986K, committed 11200K, reserved 1114112K
  class space    used 1094K, committed 1216K, reserved 1048576K
}
Event: 3.429 GC heap after
{Heap after GC invocations=1 (full 0):
 PSYoungGen      total 29696K, used 3140K [0x00000000eab00000, 0x00000000ecc00000, 0x0000000100000000)
  eden space 25600K, 0% used [0x00000000eab00000,0x00000000eab00000,0x00000000ec400000)
  from space 4096K, 76% used [0x00000000ec400000,0x00000000ec711278,0x00000000ec800000)
  to   space 4096K, 0% used [0x00000000ec800000,0x00000000ec800000,0x00000000ecc00000)
 ParOldGen       total 68608K, used 0K [0x00000000c0000000, 0x00000000c4300000, 0x00000000eab00000)
  object space 68608K, 0% used [0x00000000c0000000,0x00000000c0000000,0x00000000c4300000)
 Metaspace       used 10986K, committed 11200K, reserved 1114112K
  class space    used 1094K, committed 1216K, reserved 1048576K
}

Dll operation events (8 events):
Event: 0.014 Loaded shared library c:\Users\nobelleon\.vscode\extensions\redhat.java-1.32.0-win32-x64\jre\17.0.11-win32-x86_64\bin\java.dll
Event: 0.749 Loaded shared library c:\Users\nobelleon\.vscode\extensions\redhat.java-1.32.0-win32-x64\jre\17.0.11-win32-x86_64\bin\zip.dll
Event: 0.762 Loaded shared library C:\Users\nobelleon\.vscode\extensions\redhat.java-1.32.0-win32-x64\jre\17.0.11-win32-x86_64\bin\instrument.dll
Event: 1.293 Loaded shared library C:\Users\nobelleon\.vscode\extensions\redhat.java-1.32.0-win32-x64\jre\17.0.11-win32-x86_64\bin\net.dll
Event: 1.302 Loaded shared library C:\Users\nobelleon\.vscode\extensions\redhat.java-1.32.0-win32-x64\jre\17.0.11-win32-x86_64\bin\nio.dll
Event: 1.318 Loaded shared library C:\Users\nobelleon\.vscode\extensions\redhat.java-1.32.0-win32-x64\jre\17.0.11-win32-x86_64\bin\zip.dll
Event: 1.381 Loaded shared library C:\Users\nobelleon\.vscode\extensions\redhat.java-1.32.0-win32-x64\jre\17.0.11-win32-x86_64\bin\jimage.dll
Event: 1.534 Loaded shared library c:\Users\nobelleon\.vscode\extensions\redhat.java-1.32.0-win32-x64\jre\17.0.11-win32-x86_64\bin\verify.dll

Deoptimization events (20 events):
Event: 3.745 Thread 0x000001eac87a0080 Uncommon trap: trap_request=0xffffffc6 fr.pc=0x000001ead2f2e89c relative=0x000000000000027c
Event: 3.745 Thread 0x000001eac87a0080 Uncommon trap: reason=bimorphic_or_optimized_type_check action=maybe_recompile pc=0x000001ead2f2e89c method=java.util.Collections$UnmodifiableCollection$1.next()Ljava/lang/Object; @ 4 c2
Event: 3.745 Thread 0x000001eac87a0080 DEOPT PACKING pc=0x000001ead2f2e89c sp=0x000000c9fd2f7e70
Event: 3.745 Thread 0x000001eac87a0080 DEOPT UNPACKING pc=0x000001ead29b9ea3 sp=0x000000c9fd2f7e20 mode 2
Event: 4.859 Thread 0x000001eac87a0080 Uncommon trap: trap_request=0xffffffde fr.pc=0x000001ead2f4c8f0 relative=0x0000000000000950
Event: 4.859 Thread 0x000001eac87a0080 Uncommon trap: reason=class_check action=maybe_recompile pc=0x000001ead2f4c8f0 method=java.util.HashMap.putVal(ILjava/lang/Object;Ljava/lang/Object;ZZ)Ljava/lang/Object; @ 253 c2
Event: 4.859 Thread 0x000001eac87a0080 DEOPT PACKING pc=0x000001ead2f4c8f0 sp=0x000000c9fd2fdca0
Event: 4.859 Thread 0x000001eac87a0080 DEOPT UNPACKING pc=0x000001ead29b9ea3 sp=0x000000c9fd2fdc20 mode 2
Event: 4.872 Thread 0x000001eac87a0080 Uncommon trap: trap_request=0xffffffde fr.pc=0x000001ead2f4c8f0 relative=0x0000000000000950
Event: 4.872 Thread 0x000001eac87a0080 Uncommon trap: reason=class_check action=maybe_recompile pc=0x000001ead2f4c8f0 method=java.util.HashMap.putVal(ILjava/lang/Object;Ljava/lang/Object;ZZ)Ljava/lang/Object; @ 253 c2
Event: 4.872 Thread 0x000001eac87a0080 DEOPT PACKING pc=0x000001ead2f4c8f0 sp=0x000000c9fd2fdca0
Event: 4.872 Thread 0x000001eac87a0080 DEOPT UNPACKING pc=0x000001ead29b9ea3 sp=0x000000c9fd2fdc20 mode 2
Event: 5.152 Thread 0x000001eac87a0080 DEOPT PACKING pc=0x000001eacb548eb8 sp=0x000000c9fd2fc1f0
Event: 5.152 Thread 0x000001eac87a0080 DEOPT UNPACKING pc=0x000001ead29ba9e3 sp=0x000000c9fd2fb670 mode 0
Event: 5.158 Thread 0x000001eac87a0080 DEOPT PACKING pc=0x000001eacb548eb8 sp=0x000000c9fd2fc150
Event: 5.158 Thread 0x000001eac87a0080 DEOPT UNPACKING pc=0x000001ead29ba9e3 sp=0x000000c9fd2fb5d0 mode 0
Event: 5.158 Thread 0x000001eac87a0080 Uncommon trap: trap_request=0xffffff45 fr.pc=0x000001ead2f32fa0 relative=0x0000000000000100
Event: 5.158 Thread 0x000001eac87a0080 Uncommon trap: reason=unstable_if action=reinterpret pc=0x000001ead2f32fa0 method=java.math.BigInteger.addOne([IIII)I @ 55 c2
Event: 5.158 Thread 0x000001eac87a0080 DEOPT PACKING pc=0x000001ead2f32fa0 sp=0x000000c9fd2fc480
Event: 5.158 Thread 0x000001eac87a0080 DEOPT UNPACKING pc=0x000001ead29b9ea3 sp=0x000000c9fd2fc400 mode 2

Classes unloaded (0 events):
No events

Classes redefined (0 events):
No events

Internal exceptions (20 events):
Event: 2.270 Thread 0x000001eac87a0080 Exception <a 'java/io/FileNotFoundException'{0x00000000eb882b98}> (0x00000000eb882b98) 
thrown [s\src\hotspot\share\prims\jni.cpp, line 516]
Event: 2.270 Thread 0x000001eac87a0080 Exception <a 'java/io/FileNotFoundException'{0x00000000eb883898}> (0x00000000eb883898) 
thrown [s\src\hotspot\share\prims\jni.cpp, line 516]
Event: 2.275 Thread 0x000001eac87a0080 Implicit null exception at 0x000001ead2f24872 to 0x000001ead2f24de8
Event: 2.278 Thread 0x000001eac87a0080 Exception <a 'java/io/FileNotFoundException'{0x00000000eb8bc950}> (0x00000000eb8bc950) 
thrown [s\src\hotspot\share\prims\jni.cpp, line 516]
Event: 3.182 Thread 0x000001eac87a0080 Exception <a 'java/lang/ClassNotFoundException'{0x00000000ec0db0e8}: sun/net/www/protocol/c/Handler> (0x00000000ec0db0e8) 
thrown [s\src\hotspot\share\classfile\systemDictionary.cpp, line 256]
Event: 3.183 Thread 0x000001eac87a0080 Exception <a 'java/lang/ClassNotFoundException'{0x00000000ec0dc480}: sun/net/www/protocol/d/Handler> (0x00000000ec0dc480) 
thrown [s\src\hotspot\share\classfile\systemDictionary.cpp, line 256]
Event: 3.184 Thread 0x000001eac87a0080 Exception <a 'java/lang/ClassNotFoundException'{0x00000000ec0dd670}: sun/net/www/protocol/c/Handler> (0x00000000ec0dd670) 
thrown [s\src\hotspot\share\classfile\systemDictionary.cpp, line 256]
Event: 3.198 Thread 0x000001eac87a0080 Exception <a 'java/io/FileNotFoundException'{0x00000000ec100ef8}> (0x00000000ec100ef8) 
thrown [s\src\hotspot\share\prims\jni.cpp, line 516]
Event: 3.281 Thread 0x000001eac87a0080 Implicit null exception at 0x000001ead2f39edb to 0x000001ead2f3a8cc
Event: 3.281 Thread 0x000001eac87a0080 Implicit null exception at 0x000001ead2f5706c to 0x000001ead2f57250
Event: 3.281 Thread 0x000001eac87a0080 Implicit null exception at 0x000001ead2f4686c to 0x000001ead2f46a50
Event: 3.282 Thread 0x000001eac87a0080 Implicit null exception at 0x000001ead2f4250f to 0x000001ead2f42585
Event: 3.391 Thread 0x000001eac87a0080 Exception <a 'java/lang/NoSuchMethodError'{0x00000000ec3dd148}: 'int java.lang.invoke.DirectMethodHandle$Holder.invokeStaticInit(java.lang.Object, java.lang.Object, java.lang.Object, java.lang.Object)'> (0x00000000ec3dd148) 
thrown [s\src\hotspot\share\interpreter\linkResolver.cpp, line 759]
Event: 3.394 Thread 0x000001eac87a0080 Exception <a 'java/lang/NoSuchMethodError'{0x00000000ec3e77b8}: 'java.lang.Object java.lang.invoke.DirectMethodHandle$Holder.invokeInterface(java.lang.Object, java.lang.Object)'> (0x00000000ec3e77b8) 
thrown [s\src\hotspot\share\interpreter\linkResolver.cpp, line 759]
Event: 3.395 Thread 0x000001eac87a0080 Exception <a 'java/lang/IncompatibleClassChangeError'{0x00000000ec3eafb0}: Found class java.lang.Object, but interface was expected> (0x00000000ec3eafb0) 
thrown [s\src\hotspot\share\interpreter\linkResolver.cpp, line 826]
Event: 3.397 Thread 0x000001eac87a0080 Exception <a 'java/lang/NoSuchMethodError'{0x00000000ec3ef4a0}: 'void java.lang.invoke.DirectMethodHandle$Holder.invokeStatic(java.lang.Object, java.lang.Object)'> (0x00000000ec3ef4a0) 
thrown [s\src\hotspot\share\interpreter\linkResolver.cpp, line 759]
Event: 3.397 Thread 0x000001eac87a0080 Exception <a 'java/lang/NoSuchMethodError'{0x00000000ec3f2ca0}: 'void java.lang.invoke.DirectMethodHandle$Holder.invokeStaticInit(java.lang.Object, java.lang.Object)'> (0x00000000ec3f2ca0) 
thrown [s\src\hotspot\share\interpreter\linkResolver.cpp, line 759]
Event: 3.399 Thread 0x000001eac87a0080 Exception <a 'java/lang/NoSuchMethodError'{0x00000000ec3fa2f0}: 'int java.lang.invoke.DirectMethodHandle$Holder.invokeStaticInit(java.lang.Object, java.lang.Object)'> (0x00000000ec3fa2f0) 
thrown [s\src\hotspot\share\interpreter\linkResolver.cpp, line 759]
Event: 3.487 Thread 0x000001eac87a0080 Exception <a 'java/lang/NoSuchMethodError'{0x00000000eac25ae0}: 'void java.lang.invoke.DirectMethodHandle$Holder.invokeSpecial(java.lang.Object, java.lang.Object, java.lang.Object)'> (0x00000000eac25ae0) 
thrown [s\src\hotspot\share\interpreter\linkResolver.cpp, line 759]
Event: 4.561 Thread 0x000001eac87a0080 Exception <a 'java/lang/NoSuchMethodError'{0x00000000eb94c3c8}: 'java.lang.Object java.lang.invoke.DirectMethodHandle$Holder.newInvokeSpecial(java.lang.Object, int, java.lang.Object)'> (0x00000000eb94c3c8) 
thrown [s\src\hotspot\share\interpreter\linkResolver.cpp, line 759]

VM Operations (20 events):
Event: 1.431 Executing VM operation: Cleanup
Event: 1.431 Executing VM operation: Cleanup done
Event: 2.158 Executing VM operation: HandshakeAllThreads
Event: 2.158 Executing VM operation: HandshakeAllThreads done
Event: 2.178 Executing VM operation: HandshakeAllThreads
Event: 2.178 Executing VM operation: HandshakeAllThreads done
Event: 3.192 Executing VM operation: Cleanup
Event: 3.194 Executing VM operation: Cleanup done
Event: 3.400 Executing VM operation: ParallelGCFailedAllocation
Event: 3.429 Executing VM operation: ParallelGCFailedAllocation done
Event: 4.360 Executing VM operation: HandshakeAllThreads
Event: 4.360 Executing VM operation: HandshakeAllThreads done
Event: 4.360 Executing VM operation: HandshakeAllThreads
Event: 4.360 Executing VM operation: HandshakeAllThreads done
Event: 4.369 Executing VM operation: HandshakeAllThreads
Event: 4.369 Executing VM operation: HandshakeAllThreads done
Event: 4.553 Executing VM operation: HandshakeAllThreads
Event: 4.553 Executing VM operation: HandshakeAllThreads done
Event: 4.553 Executing VM operation: Cleanup
Event: 4.553 Executing VM operation: Cleanup done

Events (20 events):
Event: 4.369 loading class java/util/ArrayList$ListItr
Event: 4.369 loading class java/util/ArrayList$ListItr done
Event: 4.552 loading class java/util/LinkedList
Event: 4.552 loading class java/util/AbstractSequentialList
Event: 4.553 loading class java/util/AbstractSequentialList done
Event: 4.553 loading class java/util/LinkedList done
Event: 4.862 loading class java/util/ConcurrentModificationException
Event: 4.872 loading class java/util/ConcurrentModificationException done
Event: 4.891 loading class java/net/ContentHandlerFactory
Event: 4.905 loading class java/net/ContentHandlerFactory done
Event: 4.960 loading class java/net/ContentHandler
Event: 4.960 loading class java/net/ContentHandler done
Event: 4.994 loading class javax/xml/parsers/ParserConfigurationException
Event: 5.087 loading class javax/xml/parsers/ParserConfigurationException done
Event: 5.108 loading class java/security/KeyStoreException
Event: 5.118 loading class java/security/KeyStoreException done
Event: 5.144 loading class sun/security/x509/SubjectAlternativeNameExtension
Event: 5.144 loading class sun/security/x509/SubjectAlternativeNameExtension done
Event: 5.144 loading class sun/security/x509/RFC822Name
Event: 5.145 loading class sun/security/x509/RFC822Name done


Dynamic libraries:
0x00007ff7696e0000 - 0x00007ff7696ee000 	c:\Users\nobelleon\.vscode\extensions\redhat.java-1.32.0-win32-x64\jre\17.0.11-win32-x86_64\bin\java.exe
0x00007ffcee990000 - 0x00007ffceeba7000 	C:\Windows\SYSTEM32\ntdll.dll
0x00007ffced250000 - 0x00007ffced314000 	C:\Windows\System32\KERNEL32.DLL
0x00007ffcec320000 - 0x00007ffcec6cd000 	C:\Windows\System32\KERNELBASE.dll
0x00007ffcebe10000 - 0x00007ffcebf21000 	C:\Windows\System32\ucrtbase.dll
0x00007ffcd9280000 - 0x00007ffcd9297000 	c:\Users\nobelleon\.vscode\extensions\redhat.java-1.32.0-win32-x64\jre\17.0.11-win32-x86_64\bin\jli.dll
0x00007ffced640000 - 0x00007ffced7ee000 	C:\Windows\System32\USER32.dll
0x00007ffcec0a0000 - 0x00007ffcec0c6000 	C:\Windows\System32\win32u.dll
0x00007ffcedd00000 - 0x00007ffcedd29000 	C:\Windows\System32\GDI32.dll
0x00007ffcebcf0000 - 0x00007ffcebe09000 	C:\Windows\System32\gdi32full.dll
0x00007ffcec150000 - 0x00007ffcec1ea000 	C:\Windows\System32\msvcp_win.dll
0x00007ffcd8900000 - 0x00007ffcd891b000 	c:\Users\nobelleon\.vscode\extensions\redhat.java-1.32.0-win32-x64\jre\17.0.11-win32-x86_64\bin\VCRUNTIME140.dll
0x00007ffcd1820000 - 0x00007ffcd1ab3000 	C:\Windows\WinSxS\amd64_microsoft.windows.common-controls_6595b64144ccf1df_6.0.22621.3672_none_2713b9d173822955\COMCTL32.dll
0x00007ffcee5f0000 - 0x00007ffcee697000 	C:\Windows\System32\msvcrt.dll
0x00007ffceda40000 - 0x00007ffceda71000 	C:\Windows\System32\IMM32.DLL
0x00007ffcda000000 - 0x00007ffcda00c000 	c:\Users\nobelleon\.vscode\extensions\redhat.java-1.32.0-win32-x64\jre\17.0.11-win32-x86_64\bin\vcruntime140_1.dll
0x00007ffcb4f80000 - 0x00007ffcb500d000 	c:\Users\nobelleon\.vscode\extensions\redhat.java-1.32.0-win32-x64\jre\17.0.11-win32-x86_64\bin\msvcp140.dll
0x00007ffca0490000 - 0x00007ffca10f2000 	c:\Users\nobelleon\.vscode\extensions\redhat.java-1.32.0-win32-x64\jre\17.0.11-win32-x86_64\bin\server\jvm.dll
0x00007ffcedc40000 - 0x00007ffcedcf2000 	C:\Windows\System32\ADVAPI32.dll
0x00007ffcee720000 - 0x00007ffcee7c9000 	C:\Windows\System32\sechost.dll
0x00007ffcebcc0000 - 0x00007ffcebce8000 	C:\Windows\System32\bcrypt.dll
0x00007ffcee7e0000 - 0x00007ffcee8f4000 	C:\Windows\System32\RPCRT4.dll
0x00007ffcebb80000 - 0x00007ffcebbcd000 	C:\Windows\SYSTEM32\POWRPROF.dll
0x00007ffcd8b70000 - 0x00007ffcd8b79000 	C:\Windows\SYSTEM32\WSOCK32.dll
0x00007ffcedd30000 - 0x00007ffcedda1000 	C:\Windows\System32\WS2_32.dll
0x00007ffce0eb0000 - 0x00007ffce0ee4000 	C:\Windows\SYSTEM32\WINMM.dll
0x00007ffcda180000 - 0x00007ffcda18a000 	C:\Windows\SYSTEM32\VERSION.dll
0x00007ffcebb60000 - 0x00007ffcebb73000 	C:\Windows\SYSTEM32\UMPDC.dll
0x00007ffceacf0000 - 0x00007ffcead08000 	C:\Windows\SYSTEM32\kernel.appcore.dll
0x00007ffcd9430000 - 0x00007ffcd943a000 	c:\Users\nobelleon\.vscode\extensions\redhat.java-1.32.0-win32-x64\jre\17.0.11-win32-x86_64\bin\jimage.dll
0x00007ffce9590000 - 0x00007ffce97c2000 	C:\Windows\SYSTEM32\DBGHELP.DLL
0x00007ffcee230000 - 0x00007ffcee5b8000 	C:\Windows\System32\combase.dll
0x00007ffcec750000 - 0x00007ffcec827000 	C:\Windows\System32\OLEAUT32.dll
0x00007ffcc37f0000 - 0x00007ffcc3822000 	C:\Windows\SYSTEM32\dbgcore.DLL
0x00007ffcec0d0000 - 0x00007ffcec14b000 	C:\Windows\System32\bcryptPrimitives.dll
0x00007ffcd90e0000 - 0x00007ffcd90ee000 	c:\Users\nobelleon\.vscode\extensions\redhat.java-1.32.0-win32-x64\jre\17.0.11-win32-x86_64\bin\instrument.dll
0x00007ffcd5120000 - 0x00007ffcd5145000 	c:\Users\nobelleon\.vscode\extensions\redhat.java-1.32.0-win32-x64\jre\17.0.11-win32-x86_64\bin\java.dll
0x00007ffcd6a40000 - 0x00007ffcd6a58000 	c:\Users\nobelleon\.vscode\extensions\redhat.java-1.32.0-win32-x64\jre\17.0.11-win32-x86_64\bin\zip.dll
0x00007ffcec830000 - 0x00007ffced08f000 	C:\Windows\System32\SHELL32.dll
0x00007ffce9c10000 - 0x00007ffcea50c000 	C:\Windows\SYSTEM32\windows.storage.dll
0x00007ffce9ad0000 - 0x00007ffce9c0f000 	C:\Windows\SYSTEM32\wintypes.dll
0x00007ffced090000 - 0x00007ffced184000 	C:\Windows\System32\SHCORE.dll
0x00007ffcedbe0000 - 0x00007ffcedc3e000 	C:\Windows\System32\shlwapi.dll
0x00007ffcebbf0000 - 0x00007ffcebc11000 	C:\Windows\SYSTEM32\profapi.dll
0x00007ffcd5100000 - 0x00007ffcd5119000 	C:\Users\nobelleon\.vscode\extensions\redhat.java-1.32.0-win32-x64\jre\17.0.11-win32-x86_64\bin\net.dll
0x00007ffce4350000 - 0x00007ffce4486000 	C:\Windows\SYSTEM32\WINHTTP.dll
0x00007ffceb160000 - 0x00007ffceb1c9000 	C:\Windows\system32\mswsock.dll
0x00007ffcd4cb0000 - 0x00007ffcd4cc6000 	C:\Users\nobelleon\.vscode\extensions\redhat.java-1.32.0-win32-x64\jre\17.0.11-win32-x86_64\bin\nio.dll
0x00007ffcd8f00000 - 0x00007ffcd8f10000 	c:\Users\nobelleon\.vscode\extensions\redhat.java-1.32.0-win32-x64\jre\17.0.11-win32-x86_64\bin\verify.dll

dbghelp: loaded successfully - version: 4.0.5 - missing functions: none
symbol engine: initialized successfully - sym options: 0x614 - pdb path: .;c:\Users\nobelleon\.vscode\extensions\redhat.java-1.32.0-win32-x64\jre\17.0.11-win32-x86_64\bin;C:\Windows\SYSTEM32;C:\Windows\WinSxS\amd64_microsoft.windows.common-controls_6595b64144ccf1df_6.0.22621.3672_none_2713b9d173822955;c:\Users\nobelleon\.vscode\extensions\redhat.java-1.32.0-win32-x64\jre\17.0.11-win32-x86_64\bin\server

VM Arguments:
jvm_args: --add-modules=ALL-SYSTEM --add-opens=java.base/java.util=ALL-UNNAMED --add-opens=java.base/java.lang=ALL-UNNAMED --add-opens=java.base/sun.nio.fs=ALL-UNNAMED -Declipse.application=org.eclipse.jdt.ls.core.id1 -Dosgi.bundles.defaultStartLevel=4 -Declipse.product=org.eclipse.jdt.ls.core.product -Djava.import.generatesMetadataFilesAtProjectRoot=false -DDetectVMInstallationsJob.disabled=true -Dfile.encoding=utf8 -XX:+UseParallelGC -XX:GCTimeRatio=4 -XX:AdaptiveSizePolicyWeight=90 -Dsun.zip.disableMemoryMapping=true -Xmx1G -Xms100m -Xlog:disable -javaagent:c:\Users\nobelleon\.vscode\extensions\redhat.java-1.32.0-win32-x64\lombok\lombok-1.18.33.jar 
java_command: c:\Users\nobelleon\.vscode\extensions\redhat.java-1.32.0-win32-x64\server\plugins\org.eclipse.equinox.launcher_1.6.900.v20240613-2009.jar -configuration c:\Users\nobelleon\AppData\Roaming\Code\User\globalStorage\redhat.java\1.32.0\config_ss_win -data c:\Users\nobelleon\AppData\Roaming\Code\User\workspaceStorage\5524815b9c34a7a92803ace97b611c77\redhat.java\ss_ws --pipe=\\.\pipe\lsp-309d54d13b1b7f2e4d8ceda3527b7b91-sock
java_class_path (initial): c:\Users\nobelleon\.vscode\extensions\redhat.java-1.32.0-win32-x64\server\plugins\org.eclipse.equinox.launcher_1.6.900.v20240613-2009.jar
Launcher Type: SUN_STANDARD

[Global flags]
    uintx AdaptiveSizePolicyWeight                 = 90                                        {product} {command line}
     intx CICompilerCount                          = 3                                         {product} {ergonomic}
    uintx GCTimeRatio                              = 4                                         {product} {command line}
   size_t InitialHeapSize                          = 104857600                                 {product} {command line}
   size_t MaxHeapSize                              = 1073741824                                {product} {command line}
   size_t MaxNewSize                               = 357564416                                 {product} {ergonomic}
   size_t MinHeapDeltaBytes                        = 524288                                    {product} {ergonomic}
   size_t MinHeapSize                              = 104857600                                 {product} {command line}
   size_t NewSize                                  = 34603008                                  {product} {ergonomic}
    uintx NonNMethodCodeHeapSize                   = 5832780                                {pd product} {ergonomic}
    uintx NonProfiledCodeHeapSize                  = 122912730                              {pd product} {ergonomic}
   size_t OldSize                                  = 70254592                                  {product} {ergonomic}
    uintx ProfiledCodeHeapSize                     = 122912730                              {pd product} {ergonomic}
    uintx ReservedCodeCacheSize                    = 251658240                              {pd product} {ergonomic}
     bool SegmentedCodeCache                       = true                                      {product} {ergonomic}
   size_t SoftMaxHeapSize                          = 1073741824                             {manageable} {ergonomic}
     bool UseCompressedClassPointers               = true                           {product lp64_product} {ergonomic}
     bool UseCompressedOops                        = true                           {product lp64_product} {ergonomic}
     bool UseLargePagesIndividualAllocation        = false                                  {pd product} {ergonomic}
     bool UseParallelGC                            = true                                      {product} {command line}

Logging:
Log output configuration:
 #0: stdout all=off uptime,level,tags
 #1: stderr all=off uptime,level,tags

Environment Variables:
PATH=C:\Program Files (x86)\Common Files\Oracle\Java\javapath;C:\Windows\system32;C:\Windows;C:\Windows\System32\Wbem;C:\Windows\System32\WindowsPowerShell\v1.0\;C:\Windows\System32\OpenSSH\;C:\Program Files\Git\cmd;C:\Java\jdk-1.8\bin;C:\Program Files\nodejs\;C:\Users\nobelleon\AppData\Local\Pub\Cache\bin;C:\All Software\Google\Cloud SDK\google-cloud-sdk\bin;C:\xampp\php;C:\ProgramData\ComposerSetup\bin;C:\openssl-0.9.8k_WIN32\bin;;C:\ProgramData\chocolatey\bin;C:\Users\nobelleon\AppData\Local\Microsoft\WindowsApps;C:\Android\Android Studio\jre;C:\Users\nobelleon\AppData\Local\Android\sdk;C:\Program Files\Git\bin\git.exe;C:\Program Files\Git\cmd;C:\Windows\System32;C:\flutter375\bin;C:\Users\nobelleon\AppData\Local\Pub\Cache\bin;C:\Java\jre-1.8\bin;C:\Java\jdk-1.8\bin;C:\Users\nobelleon\AppData\Roaming\npm;C:\Users\nobelleon\AppData\Roaming\npm;C:\Users\nobelleon\AppData\Roaming\npm;C:\Users\nobelleon\AppData\Roaming\Composer\vendor\bin;C:\openssl-0.9.8k_WIN32\bin;C:\Dart344\tools\dart-sdk\bin;C:\Users\nobelleon\AppData\Local\Programs\Microsoft VS Code\bin
USERNAME=nobelleon
OS=Windows_NT
PROCESSOR_IDENTIFIER=Intel64 Family 6 Model 126 Stepping 5, GenuineIntel
TMP=C:\Users\NOBELL~1\AppData\Local\Temp
TEMP=C:\Users\NOBELL~1\AppData\Local\Temp



Periodic native trim disabled


---------------  S Y S T E M  ---------------

OS:
 Windows 11 , 64 bit Build 22621 (10.0.22621.3672)
OS uptime: 1 days 9:13 hours

CPU: total 4 (initial active 4) (2 cores per cpu, 2 threads per core) family 6 model 126 stepping 5 microcode 0xa0, cx8, cmov, fxsr, ht, mmx, 3dnowpref, sse, sse2, sse3, ssse3, sse4.1, sse4.2, popcnt, lzcnt, tsc, tscinvbit, avx, avx2, aes, erms, clmul, bmi1, bmi2, adx, avx512f, avx512dq, avx512cd, avx512bw, avx512vl, sha, fma, vzeroupper, avx512_vpopcntdq, avx512_vpclmulqdq, avx512_vaes, avx512_vnni, clflush, clflushopt, avx512_vbmi2, avx512_vbmi
Processor Information for all 4 processors :
  Max Mhz: 1190, Current Mhz: 1190, Mhz Limit: 1190

Memory: 4k page, system-wide physical 3784M (59M free)
TotalPageFile size 15560M (AvailPageFile size 0M)
current process WorkingSet (physical memory assigned to process): 79M, peak: 79M
current process commit charge ("private bytes"): 188M, peak: 189M

vm_info: OpenJDK 64-Bit Server VM (17.0.11+9) for windows-amd64 JRE (17.0.11+9), built on Apr 17 2024 06:07:48 by "admin" with MS VC++ 16.10 / 16.11 (VS2019)

END.
